<?xml version="1.0" encoding="UTF-8"?>
<testsuite xmlns:xsi="http://www.w3.org/2001/XMLSchema-instance" xsi:noNamespaceSchemaLocation="https://maven.apache.org/surefire/maven-surefire-plugin/xsd/surefire-test-report.xsd" name="com.example.springBootDemo.SpringBootDemoApplicationTests" time="13.941" tests="1" errors="0" skipped="0" failures="0">
  <properties>
    <property name="gopherProxySet" value="false"/>
    <property name="awt.toolkit" value="sun.lwawt.macosx.LWCToolkit"/>
    <property name="file.encoding.pkg" value="sun.io"/>
    <property name="java.specification.version" value="1.8"/>
    <property name="sun.cpu.isalist" value=""/>
    <property name="sun.jnu.encoding" value="UTF-8"/>
    <property name="java.class.path" value="/workspaces/springboot-demo/target/test-classes:/workspaces/springboot-demo/target/classes:/maven_repository/org/springframework/boot/spring-boot-starter/2.0.4.RELEASE/spring-boot-starter-2.0.4.RELEASE.jar:/maven_repository/org/springframework/boot/spring-boot/2.0.4.RELEASE/spring-boot-2.0.4.RELEASE.jar:/maven_repository/org/springframework/spring-context/5.0.8.RELEASE/spring-context-5.0.8.RELEASE.jar:/maven_repository/org/springframework/boot/spring-boot-autoconfigure/2.0.4.RELEASE/spring-boot-autoconfigure-2.0.4.RELEASE.jar:/maven_repository/org/springframework/boot/spring-boot-starter-logging/2.0.4.RELEASE/spring-boot-starter-logging-2.0.4.RELEASE.jar:/maven_repository/ch/qos/logback/logback-classic/1.2.3/logback-classic-1.2.3.jar:/maven_repository/ch/qos/logback/logback-core/1.2.3/logback-core-1.2.3.jar:/maven_repository/org/apache/logging/log4j/log4j-to-slf4j/2.10.0/log4j-to-slf4j-2.10.0.jar:/maven_repository/org/apache/logging/log4j/log4j-api/2.10.0/log4j-api-2.10.0.jar:/maven_repository/org/slf4j/jul-to-slf4j/1.7.25/jul-to-slf4j-1.7.25.jar:/maven_repository/javax/annotation/javax.annotation-api/1.3.2/javax.annotation-api-1.3.2.jar:/maven_repository/org/springframework/spring-core/5.0.8.RELEASE/spring-core-5.0.8.RELEASE.jar:/maven_repository/org/springframework/spring-jcl/5.0.8.RELEASE/spring-jcl-5.0.8.RELEASE.jar:/maven_repository/org/yaml/snakeyaml/1.19/snakeyaml-1.19.jar:/maven_repository/org/mybatis/spring/boot/mybatis-spring-boot-starter/1.1.1/mybatis-spring-boot-starter-1.1.1.jar:/maven_repository/org/mybatis/spring/boot/mybatis-spring-boot-autoconfigure/1.1.1/mybatis-spring-boot-autoconfigure-1.1.1.jar:/maven_repository/org/mybatis/mybatis/3.4.0/mybatis-3.4.0.jar:/maven_repository/org/mybatis/mybatis-spring/1.3.0/mybatis-spring-1.3.0.jar:/maven_repository/mysql/mysql-connector-java/5.1.46/mysql-connector-java-5.1.46.jar:/maven_repository/com/alibaba/druid/1.0.5/druid-1.0.5.jar:/maven_repository/org/springframework/boot/spring-boot-starter-test/2.0.4.RELEASE/spring-boot-starter-test-2.0.4.RELEASE.jar:/maven_repository/org/springframework/boot/spring-boot-test/2.0.4.RELEASE/spring-boot-test-2.0.4.RELEASE.jar:/maven_repository/org/springframework/boot/spring-boot-test-autoconfigure/2.0.4.RELEASE/spring-boot-test-autoconfigure-2.0.4.RELEASE.jar:/maven_repository/com/jayway/jsonpath/json-path/2.4.0/json-path-2.4.0.jar:/maven_repository/net/minidev/json-smart/2.3/json-smart-2.3.jar:/maven_repository/net/minidev/accessors-smart/1.2/accessors-smart-1.2.jar:/maven_repository/org/ow2/asm/asm/5.0.4/asm-5.0.4.jar:/maven_repository/org/slf4j/slf4j-api/1.7.25/slf4j-api-1.7.25.jar:/maven_repository/org/assertj/assertj-core/3.9.1/assertj-core-3.9.1.jar:/maven_repository/org/mockito/mockito-core/2.15.0/mockito-core-2.15.0.jar:/maven_repository/net/bytebuddy/byte-buddy/1.7.11/byte-buddy-1.7.11.jar:/maven_repository/net/bytebuddy/byte-buddy-agent/1.7.11/byte-buddy-agent-1.7.11.jar:/maven_repository/org/objenesis/objenesis/2.6/objenesis-2.6.jar:/maven_repository/org/hamcrest/hamcrest-core/1.3/hamcrest-core-1.3.jar:/maven_repository/org/hamcrest/hamcrest-library/1.3/hamcrest-library-1.3.jar:/maven_repository/org/skyscreamer/jsonassert/1.5.0/jsonassert-1.5.0.jar:/maven_repository/com/vaadin/external/google/android-json/0.0.20131108.vaadin1/android-json-0.0.20131108.vaadin1.jar:/maven_repository/org/springframework/spring-test/5.0.8.RELEASE/spring-test-5.0.8.RELEASE.jar:/maven_repository/org/xmlunit/xmlunit-core/2.5.1/xmlunit-core-2.5.1.jar:/maven_repository/org/springframework/boot/spring-boot-starter-web/2.0.4.RELEASE/spring-boot-starter-web-2.0.4.RELEASE.jar:/maven_repository/org/springframework/boot/spring-boot-starter-json/2.0.4.RELEASE/spring-boot-starter-json-2.0.4.RELEASE.jar:/maven_repository/com/fasterxml/jackson/core/jackson-databind/2.9.6/jackson-databind-2.9.6.jar:/maven_repository/com/fasterxml/jackson/core/jackson-annotations/2.9.0/jackson-annotations-2.9.0.jar:/maven_repository/com/fasterxml/jackson/core/jackson-core/2.9.6/jackson-core-2.9.6.jar:/maven_repository/com/fasterxml/jackson/datatype/jackson-datatype-jdk8/2.9.6/jackson-datatype-jdk8-2.9.6.jar:/maven_repository/com/fasterxml/jackson/datatype/jackson-datatype-jsr310/2.9.6/jackson-datatype-jsr310-2.9.6.jar:/maven_repository/com/fasterxml/jackson/module/jackson-module-parameter-names/2.9.6/jackson-module-parameter-names-2.9.6.jar:/maven_repository/org/hibernate/validator/hibernate-validator/6.0.11.Final/hibernate-validator-6.0.11.Final.jar:/maven_repository/javax/validation/validation-api/2.0.1.Final/validation-api-2.0.1.Final.jar:/maven_repository/org/jboss/logging/jboss-logging/3.3.2.Final/jboss-logging-3.3.2.Final.jar:/maven_repository/com/fasterxml/classmate/1.3.4/classmate-1.3.4.jar:/maven_repository/org/springframework/spring-web/5.0.8.RELEASE/spring-web-5.0.8.RELEASE.jar:/maven_repository/org/springframework/spring-beans/5.0.8.RELEASE/spring-beans-5.0.8.RELEASE.jar:/maven_repository/org/springframework/spring-webmvc/5.0.8.RELEASE/spring-webmvc-5.0.8.RELEASE.jar:/maven_repository/org/springframework/spring-aop/5.0.8.RELEASE/spring-aop-5.0.8.RELEASE.jar:/maven_repository/org/springframework/spring-expression/5.0.8.RELEASE/spring-expression-5.0.8.RELEASE.jar:/maven_repository/org/apache/tomcat/embed/tomcat-embed-jasper/8.5.32/tomcat-embed-jasper-8.5.32.jar:/maven_repository/org/apache/tomcat/embed/tomcat-embed-core/8.5.32/tomcat-embed-core-8.5.32.jar:/maven_repository/org/apache/tomcat/tomcat-annotations-api/8.5.32/tomcat-annotations-api-8.5.32.jar:/maven_repository/org/apache/tomcat/embed/tomcat-embed-el/8.5.32/tomcat-embed-el-8.5.32.jar:/maven_repository/org/eclipse/jdt/ecj/3.12.3/ecj-3.12.3.jar:/maven_repository/jstl/jstl/1.2/jstl-1.2.jar:/maven_repository/javax/servlet/jstl/1.2/jstl-1.2.jar:/maven_repository/org/springframework/springloaded/1.2.6.RELEASE/springloaded-1.2.6.RELEASE.jar:/maven_repository/org/springframework/boot/spring-boot-devtools/2.0.4.RELEASE/spring-boot-devtools-2.0.4.RELEASE.jar:/maven_repository/org/springframework/boot/spring-boot-starter-jdbc/2.0.4.RELEASE/spring-boot-starter-jdbc-2.0.4.RELEASE.jar:/maven_repository/com/zaxxer/HikariCP/2.7.9/HikariCP-2.7.9.jar:/maven_repository/org/springframework/spring-jdbc/5.0.8.RELEASE/spring-jdbc-5.0.8.RELEASE.jar:/maven_repository/org/springframework/spring-tx/5.0.8.RELEASE/spring-tx-5.0.8.RELEASE.jar:/maven_repository/com/opencsv/opencsv/4.4/opencsv-4.4.jar:/maven_repository/org/apache/commons/commons-lang3/3.7/commons-lang3-3.7.jar:/maven_repository/org/apache/commons/commons-text/1.3/commons-text-1.3.jar:/maven_repository/commons-beanutils/commons-beanutils/1.9.3/commons-beanutils-1.9.3.jar:/maven_repository/commons-logging/commons-logging/1.2/commons-logging-1.2.jar:/maven_repository/commons-collections/commons-collections/3.2.2/commons-collections-3.2.2.jar:/maven_repository/org/apache/commons/commons-collections4/4.2/commons-collections4-4.2.jar:/maven_repository/org/springframework/boot/spring-boot-starter-tomcat/2.0.4.RELEASE/spring-boot-starter-tomcat-2.0.4.RELEASE.jar:/maven_repository/org/apache/tomcat/embed/tomcat-embed-websocket/8.5.32/tomcat-embed-websocket-8.5.32.jar:/maven_repository/org/springframework/boot/spring-boot-legacy/1.1.0.RELEASE/spring-boot-legacy-1.1.0.RELEASE.jar:/maven_repository/org/springframework/boot/spring-boot-starter-actuator/2.0.4.RELEASE/spring-boot-starter-actuator-2.0.4.RELEASE.jar:/maven_repository/org/springframework/boot/spring-boot-actuator-autoconfigure/2.0.4.RELEASE/spring-boot-actuator-autoconfigure-2.0.4.RELEASE.jar:/maven_repository/org/springframework/boot/spring-boot-actuator/2.0.4.RELEASE/spring-boot-actuator-2.0.4.RELEASE.jar:/maven_repository/io/micrometer/micrometer-core/1.0.6/micrometer-core-1.0.6.jar:/maven_repository/org/hdrhistogram/HdrHistogram/2.1.10/HdrHistogram-2.1.10.jar:/maven_repository/org/latencyutils/LatencyUtils/2.0.3/LatencyUtils-2.0.3.jar:/maven_repository/com/aliyun/oss/aliyun-sdk-oss/2.8.3/aliyun-sdk-oss-2.8.3.jar:/maven_repository/org/apache/httpcomponents/httpclient/4.5.6/httpclient-4.5.6.jar:/maven_repository/org/apache/httpcomponents/httpcore/4.4.10/httpcore-4.4.10.jar:/maven_repository/commons-codec/commons-codec/1.11/commons-codec-1.11.jar:/maven_repository/org/jdom/jdom/1.1/jdom-1.1.jar:/maven_repository/commons-lang/commons-lang/2.6/commons-lang-2.6.jar:/maven_repository/junit/junit/4.12/junit-4.12.jar:/maven_repository/org/springframework/boot/spring-boot-starter-data-redis/2.0.4.RELEASE/spring-boot-starter-data-redis-2.0.4.RELEASE.jar:/maven_repository/org/springframework/data/spring-data-redis/2.0.9.RELEASE/spring-data-redis-2.0.9.RELEASE.jar:/maven_repository/org/springframework/data/spring-data-keyvalue/2.0.9.RELEASE/spring-data-keyvalue-2.0.9.RELEASE.jar:/maven_repository/org/springframework/data/spring-data-commons/2.0.9.RELEASE/spring-data-commons-2.0.9.RELEASE.jar:/maven_repository/org/springframework/spring-oxm/5.0.8.RELEASE/spring-oxm-5.0.8.RELEASE.jar:/maven_repository/org/springframework/spring-context-support/5.0.8.RELEASE/spring-context-support-5.0.8.RELEASE.jar:/maven_repository/io/lettuce/lettuce-core/5.0.4.RELEASE/lettuce-core-5.0.4.RELEASE.jar:/maven_repository/io/projectreactor/reactor-core/3.1.8.RELEASE/reactor-core-3.1.8.RELEASE.jar:/maven_repository/org/reactivestreams/reactive-streams/1.0.2/reactive-streams-1.0.2.jar:/maven_repository/io/netty/netty-common/4.1.27.Final/netty-common-4.1.27.Final.jar:/maven_repository/io/netty/netty-transport/4.1.27.Final/netty-transport-4.1.27.Final.jar:/maven_repository/io/netty/netty-buffer/4.1.27.Final/netty-buffer-4.1.27.Final.jar:/maven_repository/io/netty/netty-resolver/4.1.27.Final/netty-resolver-4.1.27.Final.jar:/maven_repository/io/netty/netty-handler/4.1.27.Final/netty-handler-4.1.27.Final.jar:/maven_repository/io/netty/netty-codec/4.1.27.Final/netty-codec-4.1.27.Final.jar:"/>
    <property name="java.vm.vendor" value="Oracle Corporation"/>
    <property name="sun.arch.data.model" value="64"/>
    <property name="java.vendor.url" value="http://java.oracle.com/"/>
    <property name="user.timezone" value=""/>
    <property name="java.vm.specification.version" value="1.8"/>
    <property name="os.name" value="Mac OS X"/>
    <property name="user.country" value="CN"/>
    <property name="sun.java.launcher" value="SUN_STANDARD"/>
    <property name="sun.boot.library.path" value="/Library/Java/JavaVirtualMachines/jdk1.8.0_161.jdk/Contents/Home/jre/lib"/>
    <property name="sun.java.command" value="/workspaces/springboot-demo/target/surefire/surefirebooter5002387089495492030.jar /workspaces/springboot-demo/target/surefire 2019-09-23T14-55-41_949-jvmRun1 surefire7393281359086085902tmp surefire_07592326066422753596tmp"/>
    <property name="http.nonProxyHosts" value="local|*.local|169.254/16|*.169.254/16"/>
    <property name="surefire.test.class.path" value="/workspaces/springboot-demo/target/test-classes:/workspaces/springboot-demo/target/classes:/maven_repository/org/springframework/boot/spring-boot-starter/2.0.4.RELEASE/spring-boot-starter-2.0.4.RELEASE.jar:/maven_repository/org/springframework/boot/spring-boot/2.0.4.RELEASE/spring-boot-2.0.4.RELEASE.jar:/maven_repository/org/springframework/spring-context/5.0.8.RELEASE/spring-context-5.0.8.RELEASE.jar:/maven_repository/org/springframework/boot/spring-boot-autoconfigure/2.0.4.RELEASE/spring-boot-autoconfigure-2.0.4.RELEASE.jar:/maven_repository/org/springframework/boot/spring-boot-starter-logging/2.0.4.RELEASE/spring-boot-starter-logging-2.0.4.RELEASE.jar:/maven_repository/ch/qos/logback/logback-classic/1.2.3/logback-classic-1.2.3.jar:/maven_repository/ch/qos/logback/logback-core/1.2.3/logback-core-1.2.3.jar:/maven_repository/org/apache/logging/log4j/log4j-to-slf4j/2.10.0/log4j-to-slf4j-2.10.0.jar:/maven_repository/org/apache/logging/log4j/log4j-api/2.10.0/log4j-api-2.10.0.jar:/maven_repository/org/slf4j/jul-to-slf4j/1.7.25/jul-to-slf4j-1.7.25.jar:/maven_repository/javax/annotation/javax.annotation-api/1.3.2/javax.annotation-api-1.3.2.jar:/maven_repository/org/springframework/spring-core/5.0.8.RELEASE/spring-core-5.0.8.RELEASE.jar:/maven_repository/org/springframework/spring-jcl/5.0.8.RELEASE/spring-jcl-5.0.8.RELEASE.jar:/maven_repository/org/yaml/snakeyaml/1.19/snakeyaml-1.19.jar:/maven_repository/org/mybatis/spring/boot/mybatis-spring-boot-starter/1.1.1/mybatis-spring-boot-starter-1.1.1.jar:/maven_repository/org/mybatis/spring/boot/mybatis-spring-boot-autoconfigure/1.1.1/mybatis-spring-boot-autoconfigure-1.1.1.jar:/maven_repository/org/mybatis/mybatis/3.4.0/mybatis-3.4.0.jar:/maven_repository/org/mybatis/mybatis-spring/1.3.0/mybatis-spring-1.3.0.jar:/maven_repository/mysql/mysql-connector-java/5.1.46/mysql-connector-java-5.1.46.jar:/maven_repository/com/alibaba/druid/1.0.5/druid-1.0.5.jar:/maven_repository/org/springframework/boot/spring-boot-starter-test/2.0.4.RELEASE/spring-boot-starter-test-2.0.4.RELEASE.jar:/maven_repository/org/springframework/boot/spring-boot-test/2.0.4.RELEASE/spring-boot-test-2.0.4.RELEASE.jar:/maven_repository/org/springframework/boot/spring-boot-test-autoconfigure/2.0.4.RELEASE/spring-boot-test-autoconfigure-2.0.4.RELEASE.jar:/maven_repository/com/jayway/jsonpath/json-path/2.4.0/json-path-2.4.0.jar:/maven_repository/net/minidev/json-smart/2.3/json-smart-2.3.jar:/maven_repository/net/minidev/accessors-smart/1.2/accessors-smart-1.2.jar:/maven_repository/org/ow2/asm/asm/5.0.4/asm-5.0.4.jar:/maven_repository/org/slf4j/slf4j-api/1.7.25/slf4j-api-1.7.25.jar:/maven_repository/org/assertj/assertj-core/3.9.1/assertj-core-3.9.1.jar:/maven_repository/org/mockito/mockito-core/2.15.0/mockito-core-2.15.0.jar:/maven_repository/net/bytebuddy/byte-buddy/1.7.11/byte-buddy-1.7.11.jar:/maven_repository/net/bytebuddy/byte-buddy-agent/1.7.11/byte-buddy-agent-1.7.11.jar:/maven_repository/org/objenesis/objenesis/2.6/objenesis-2.6.jar:/maven_repository/org/hamcrest/hamcrest-core/1.3/hamcrest-core-1.3.jar:/maven_repository/org/hamcrest/hamcrest-library/1.3/hamcrest-library-1.3.jar:/maven_repository/org/skyscreamer/jsonassert/1.5.0/jsonassert-1.5.0.jar:/maven_repository/com/vaadin/external/google/android-json/0.0.20131108.vaadin1/android-json-0.0.20131108.vaadin1.jar:/maven_repository/org/springframework/spring-test/5.0.8.RELEASE/spring-test-5.0.8.RELEASE.jar:/maven_repository/org/xmlunit/xmlunit-core/2.5.1/xmlunit-core-2.5.1.jar:/maven_repository/org/springframework/boot/spring-boot-starter-web/2.0.4.RELEASE/spring-boot-starter-web-2.0.4.RELEASE.jar:/maven_repository/org/springframework/boot/spring-boot-starter-json/2.0.4.RELEASE/spring-boot-starter-json-2.0.4.RELEASE.jar:/maven_repository/com/fasterxml/jackson/core/jackson-databind/2.9.6/jackson-databind-2.9.6.jar:/maven_repository/com/fasterxml/jackson/core/jackson-annotations/2.9.0/jackson-annotations-2.9.0.jar:/maven_repository/com/fasterxml/jackson/core/jackson-core/2.9.6/jackson-core-2.9.6.jar:/maven_repository/com/fasterxml/jackson/datatype/jackson-datatype-jdk8/2.9.6/jackson-datatype-jdk8-2.9.6.jar:/maven_repository/com/fasterxml/jackson/datatype/jackson-datatype-jsr310/2.9.6/jackson-datatype-jsr310-2.9.6.jar:/maven_repository/com/fasterxml/jackson/module/jackson-module-parameter-names/2.9.6/jackson-module-parameter-names-2.9.6.jar:/maven_repository/org/hibernate/validator/hibernate-validator/6.0.11.Final/hibernate-validator-6.0.11.Final.jar:/maven_repository/javax/validation/validation-api/2.0.1.Final/validation-api-2.0.1.Final.jar:/maven_repository/org/jboss/logging/jboss-logging/3.3.2.Final/jboss-logging-3.3.2.Final.jar:/maven_repository/com/fasterxml/classmate/1.3.4/classmate-1.3.4.jar:/maven_repository/org/springframework/spring-web/5.0.8.RELEASE/spring-web-5.0.8.RELEASE.jar:/maven_repository/org/springframework/spring-beans/5.0.8.RELEASE/spring-beans-5.0.8.RELEASE.jar:/maven_repository/org/springframework/spring-webmvc/5.0.8.RELEASE/spring-webmvc-5.0.8.RELEASE.jar:/maven_repository/org/springframework/spring-aop/5.0.8.RELEASE/spring-aop-5.0.8.RELEASE.jar:/maven_repository/org/springframework/spring-expression/5.0.8.RELEASE/spring-expression-5.0.8.RELEASE.jar:/maven_repository/org/apache/tomcat/embed/tomcat-embed-jasper/8.5.32/tomcat-embed-jasper-8.5.32.jar:/maven_repository/org/apache/tomcat/embed/tomcat-embed-core/8.5.32/tomcat-embed-core-8.5.32.jar:/maven_repository/org/apache/tomcat/tomcat-annotations-api/8.5.32/tomcat-annotations-api-8.5.32.jar:/maven_repository/org/apache/tomcat/embed/tomcat-embed-el/8.5.32/tomcat-embed-el-8.5.32.jar:/maven_repository/org/eclipse/jdt/ecj/3.12.3/ecj-3.12.3.jar:/maven_repository/jstl/jstl/1.2/jstl-1.2.jar:/maven_repository/javax/servlet/jstl/1.2/jstl-1.2.jar:/maven_repository/org/springframework/springloaded/1.2.6.RELEASE/springloaded-1.2.6.RELEASE.jar:/maven_repository/org/springframework/boot/spring-boot-devtools/2.0.4.RELEASE/spring-boot-devtools-2.0.4.RELEASE.jar:/maven_repository/org/springframework/boot/spring-boot-starter-jdbc/2.0.4.RELEASE/spring-boot-starter-jdbc-2.0.4.RELEASE.jar:/maven_repository/com/zaxxer/HikariCP/2.7.9/HikariCP-2.7.9.jar:/maven_repository/org/springframework/spring-jdbc/5.0.8.RELEASE/spring-jdbc-5.0.8.RELEASE.jar:/maven_repository/org/springframework/spring-tx/5.0.8.RELEASE/spring-tx-5.0.8.RELEASE.jar:/maven_repository/com/opencsv/opencsv/4.4/opencsv-4.4.jar:/maven_repository/org/apache/commons/commons-lang3/3.7/commons-lang3-3.7.jar:/maven_repository/org/apache/commons/commons-text/1.3/commons-text-1.3.jar:/maven_repository/commons-beanutils/commons-beanutils/1.9.3/commons-beanutils-1.9.3.jar:/maven_repository/commons-logging/commons-logging/1.2/commons-logging-1.2.jar:/maven_repository/commons-collections/commons-collections/3.2.2/commons-collections-3.2.2.jar:/maven_repository/org/apache/commons/commons-collections4/4.2/commons-collections4-4.2.jar:/maven_repository/org/springframework/boot/spring-boot-starter-tomcat/2.0.4.RELEASE/spring-boot-starter-tomcat-2.0.4.RELEASE.jar:/maven_repository/org/apache/tomcat/embed/tomcat-embed-websocket/8.5.32/tomcat-embed-websocket-8.5.32.jar:/maven_repository/org/springframework/boot/spring-boot-legacy/1.1.0.RELEASE/spring-boot-legacy-1.1.0.RELEASE.jar:/maven_repository/org/springframework/boot/spring-boot-starter-actuator/2.0.4.RELEASE/spring-boot-starter-actuator-2.0.4.RELEASE.jar:/maven_repository/org/springframework/boot/spring-boot-actuator-autoconfigure/2.0.4.RELEASE/spring-boot-actuator-autoconfigure-2.0.4.RELEASE.jar:/maven_repository/org/springframework/boot/spring-boot-actuator/2.0.4.RELEASE/spring-boot-actuator-2.0.4.RELEASE.jar:/maven_repository/io/micrometer/micrometer-core/1.0.6/micrometer-core-1.0.6.jar:/maven_repository/org/hdrhistogram/HdrHistogram/2.1.10/HdrHistogram-2.1.10.jar:/maven_repository/org/latencyutils/LatencyUtils/2.0.3/LatencyUtils-2.0.3.jar:/maven_repository/com/aliyun/oss/aliyun-sdk-oss/2.8.3/aliyun-sdk-oss-2.8.3.jar:/maven_repository/org/apache/httpcomponents/httpclient/4.5.6/httpclient-4.5.6.jar:/maven_repository/org/apache/httpcomponents/httpcore/4.4.10/httpcore-4.4.10.jar:/maven_repository/commons-codec/commons-codec/1.11/commons-codec-1.11.jar:/maven_repository/org/jdom/jdom/1.1/jdom-1.1.jar:/maven_repository/commons-lang/commons-lang/2.6/commons-lang-2.6.jar:/maven_repository/junit/junit/4.12/junit-4.12.jar:/maven_repository/org/springframework/boot/spring-boot-starter-data-redis/2.0.4.RELEASE/spring-boot-starter-data-redis-2.0.4.RELEASE.jar:/maven_repository/org/springframework/data/spring-data-redis/2.0.9.RELEASE/spring-data-redis-2.0.9.RELEASE.jar:/maven_repository/org/springframework/data/spring-data-keyvalue/2.0.9.RELEASE/spring-data-keyvalue-2.0.9.RELEASE.jar:/maven_repository/org/springframework/data/spring-data-commons/2.0.9.RELEASE/spring-data-commons-2.0.9.RELEASE.jar:/maven_repository/org/springframework/spring-oxm/5.0.8.RELEASE/spring-oxm-5.0.8.RELEASE.jar:/maven_repository/org/springframework/spring-context-support/5.0.8.RELEASE/spring-context-support-5.0.8.RELEASE.jar:/maven_repository/io/lettuce/lettuce-core/5.0.4.RELEASE/lettuce-core-5.0.4.RELEASE.jar:/maven_repository/io/projectreactor/reactor-core/3.1.8.RELEASE/reactor-core-3.1.8.RELEASE.jar:/maven_repository/org/reactivestreams/reactive-streams/1.0.2/reactive-streams-1.0.2.jar:/maven_repository/io/netty/netty-common/4.1.27.Final/netty-common-4.1.27.Final.jar:/maven_repository/io/netty/netty-transport/4.1.27.Final/netty-transport-4.1.27.Final.jar:/maven_repository/io/netty/netty-buffer/4.1.27.Final/netty-buffer-4.1.27.Final.jar:/maven_repository/io/netty/netty-resolver/4.1.27.Final/netty-resolver-4.1.27.Final.jar:/maven_repository/io/netty/netty-handler/4.1.27.Final/netty-handler-4.1.27.Final.jar:/maven_repository/io/netty/netty-codec/4.1.27.Final/netty-codec-4.1.27.Final.jar:"/>
    <property name="sun.cpu.endian" value="little"/>
    <property name="user.home" value="/Users/zc_macpro"/>
    <property name="user.language" value="zh"/>
    <property name="java.specification.vendor" value="Oracle Corporation"/>
    <property name="java.home" value="/Library/Java/JavaVirtualMachines/jdk1.8.0_161.jdk/Contents/Home/jre"/>
    <property name="basedir" value="/workspaces/springboot-demo"/>
    <property name="file.separator" value="/"/>
    <property name="line.separator" value="&#10;"/>
    <property name="java.vm.specification.vendor" value="Oracle Corporation"/>
    <property name="java.specification.name" value="Java Platform API Specification"/>
    <property name="java.awt.graphicsenv" value="sun.awt.CGraphicsEnvironment"/>
    <property name="surefire.real.class.path" value="/workspaces/springboot-demo/target/surefire/surefirebooter5002387089495492030.jar"/>
    <property name="sun.boot.class.path" value="/Library/Java/JavaVirtualMachines/jdk1.8.0_161.jdk/Contents/Home/jre/lib/resources.jar:/Library/Java/JavaVirtualMachines/jdk1.8.0_161.jdk/Contents/Home/jre/lib/rt.jar:/Library/Java/JavaVirtualMachines/jdk1.8.0_161.jdk/Contents/Home/jre/lib/sunrsasign.jar:/Library/Java/JavaVirtualMachines/jdk1.8.0_161.jdk/Contents/Home/jre/lib/jsse.jar:/Library/Java/JavaVirtualMachines/jdk1.8.0_161.jdk/Contents/Home/jre/lib/jce.jar:/Library/Java/JavaVirtualMachines/jdk1.8.0_161.jdk/Contents/Home/jre/lib/charsets.jar:/Library/Java/JavaVirtualMachines/jdk1.8.0_161.jdk/Contents/Home/jre/lib/jfr.jar:/Library/Java/JavaVirtualMachines/jdk1.8.0_161.jdk/Contents/Home/jre/classes"/>
    <property name="sun.management.compiler" value="HotSpot 64-Bit Tiered Compilers"/>
    <property name="ftp.nonProxyHosts" value="local|*.local|169.254/16|*.169.254/16"/>
    <property name="java.runtime.version" value="1.8.0_161-b12"/>
    <property name="user.name" value="zc_macpro"/>
    <property name="path.separator" value=":"/>
    <property name="os.version" value="10.14.6"/>
    <property name="java.endorsed.dirs" value="/Library/Java/JavaVirtualMachines/jdk1.8.0_161.jdk/Contents/Home/jre/lib/endorsed"/>
    <property name="java.runtime.name" value="Java(TM) SE Runtime Environment"/>
    <property name="file.encoding" value="UTF-8"/>
    <property name="java.vm.name" value="Java HotSpot(TM) 64-Bit Server VM"/>
    <property name="localRepository" value="/maven_repository"/>
    <property name="java.vendor.url.bug" value="http://bugreport.sun.com/bugreport/"/>
    <property name="java.io.tmpdir" value="/var/folders/m3/vkv7kk6s5b1fy9yg62w1yk640000gn/T/"/>
    <property name="java.version" value="1.8.0_161"/>
    <property name="user.dir" value="/workspaces/springboot-demo"/>
    <property name="os.arch" value="x86_64"/>
    <property name="java.vm.specification.name" value="Java Virtual Machine Specification"/>
    <property name="java.awt.printerjob" value="sun.lwawt.macosx.CPrinterJob"/>
    <property name="sun.os.patch.level" value="unknown"/>
    <property name="java.library.path" value="/Users/zc_macpro/Library/Java/Extensions:/Library/Java/Extensions:/Network/Library/Java/Extensions:/System/Library/Java/Extensions:/usr/lib/java:."/>
    <property name="java.vm.info" value="mixed mode"/>
    <property name="java.vendor" value="Oracle Corporation"/>
    <property name="java.vm.version" value="25.161-b12"/>
    <property name="java.ext.dirs" value="/Users/zc_macpro/Library/Java/Extensions:/Library/Java/JavaVirtualMachines/jdk1.8.0_161.jdk/Contents/Home/jre/lib/ext:/Library/Java/Extensions:/Network/Library/Java/Extensions:/System/Library/Java/Extensions:/usr/lib/java"/>
    <property name="sun.io.unicode.encoding" value="UnicodeBig"/>
    <property name="java.class.version" value="52.0"/>
    <property name="socksNonProxyHosts" value="local|*.local|169.254/16|*.169.254/16"/>
  </properties>
  <testcase name="contextLoads" classname="com.example.springBootDemo.SpringBootDemoApplicationTests" time="0.368"/>
</testsuite>